\BOOKMARK [0][-]{dummy.4}{\376\377\000A\000b\000r\000e\000v\000i\000a\000t\000u\000r\000a\000s}{}% 1
\BOOKMARK [0][-]{chapter.6}{\376\377\0001\000\040\000I\000n\000t\000r\000o\000d\000u\000c\000c\000i\000\363\000n}{}% 2
\BOOKMARK [0][-]{chapter.7}{\376\377\0002\000\040\000D\000e\000s\000c\000o\000m\000p\000o\000s\000i\000c\000i\000\363\000n\000\040\000d\000e\000\040\000s\000e\000\361\000a\000l\000e\000s}{}% 3
\BOOKMARK [1][-]{section.8}{\376\377\0002\000.\0001\000\040\000T\000r\000a\000n\000s\000f\000o\000r\000m\000a\000d\000a\000\040\000d\000e\000\040\000F\000o\000u\000r\000i\000e\000r\000\040\000\050\000F\000T\000\051}{chapter.7}% 4
\BOOKMARK [1][-]{section.14}{\376\377\0002\000.\0002\000\040\000T\000r\000a\000n\000s\000f\000o\000r\000m\000a\000d\000a\000\040\000d\000e\000\040\000O\000n\000d\000\355\000c\000u\000l\000a\000s\000\040\000\050\000W\000T\000\051}{chapter.7}% 5
\BOOKMARK [0][-]{chapter.25}{\376\377\0003\000\040\000R\000e\000d\000e\000s\000\040\000N\000e\000u\000r\000o\000n\000a\000l\000e\000s\000\040\000p\000a\000r\000a\000\040\000a\000n\000\341\000l\000i\000s\000i\000s\000\040\000d\000e\000\040\000s\000e\000r\000i\000e\000s\000\040\000d\000e\000\040\000t\000i\000e\000m\000p\000o}{}% 6
\BOOKMARK [1][-]{section.26}{\376\377\0003\000.\0001\000\040\000R\000e\000d\000e\000s\000\040\000N\000e\000u\000r\000o\000n\000a\000l\000e\000s\000\040\000A\000r\000t\000i\000f\000i\000c\000i\000a\000l\000e\000s}{chapter.25}% 7
\BOOKMARK [1][-]{section.27}{\376\377\0003\000.\0002\000\040\000E\000n\000t\000r\000e\000n\000a\000m\000i\000e\000n\000t\000o\000\040\000d\000e\000\040\000u\000n\000a\000\040\000R\000e\000d\000\040\000N\000e\000u\000r\000o\000n\000a\000l}{chapter.25}% 8
\BOOKMARK [2][-]{subsection.34}{\376\377\0003\000.\0002\000.\0001\000\040\000A\000l\000g\000o\000r\000i\000t\000m\000o\000s\000\040\000d\000e\000\040\000O\000p\000t\000i\000m\000i\000z\000a\000c\000i\000\363\000n}{section.27}% 9
\BOOKMARK [1][-]{section.70}{\376\377\0003\000.\0003\000\040\000R\000e\000d\000e\000s\000\040\000N\000e\000u\000r\000o\000n\000a\000l\000e\000s\000\040\000A\000u\000t\000o\000-\000r\000e\000g\000r\000e\000s\000i\000v\000a\000s}{chapter.25}% 10
\BOOKMARK [1][-]{section.74}{\376\377\0003\000.\0004\000\040\000R\000e\000d\000e\000s\000\040\000N\000e\000u\000r\000o\000n\000a\000l\000e\000s\000\040\000R\000e\000c\000u\000r\000r\000e\000n\000t\000e\000s}{chapter.25}% 11
\BOOKMARK [2][-]{subsection.76}{\376\377\0003\000.\0004\000.\0001\000\040\000R\000e\000t\000r\000o\000-\000p\000r\000o\000p\000a\000g\000a\000c\000i\000\363\000n\000\040\000a\000\040\000t\000r\000a\000v\000\351\000s\000\040\000d\000e\000l\000\040\000t\000i\000e\000m\000p\000o}{section.74}% 12
\BOOKMARK [2][-]{subsection.82}{\376\377\0003\000.\0004\000.\0002\000\040\000R\000e\000d\000e\000s\000\040\000N\000e\000u\000r\000o\000n\000a\000l\000e\000s\000\040\000L\000S\000T\000M}{section.74}% 13
\BOOKMARK [3][-]{section*.85}{\376\377\000E\000n\000t\000r\000e\000n\000a\000m\000i\000e\000n\000t\000o\000\040\000d\000e\000\040\000u\000n\000a\000\040\000r\000e\000d\000\040\000L\000S\000T\000M}{subsection.82}% 14
\BOOKMARK [2][-]{subsection.89}{\376\377\0003\000.\0004\000.\0003\000\040\000R\000e\000d\000e\000s\000\040\000N\000e\000u\000r\000o\000n\000a\000l\000e\000s\000\040\000G\000R\000U}{section.74}% 15
\BOOKMARK [3][-]{section*.93}{\376\377\000E\000n\000t\000r\000e\000n\000a\000m\000i\000e\000n\000t\000o\000\040\000d\000e\000\040\000u\000n\000a\000\040\000r\000e\000d\000\040\000G\000R\000U}{subsection.89}% 16
\BOOKMARK [0][-]{chapter.95}{\376\377\0004\000\040\000C\000o\000n\000s\000t\000r\000u\000c\000c\000i\000\363\000n\000\040\000d\000e\000l\000\040\000M\000o\000d\000e\000l\000o}{}% 17
\BOOKMARK [1][-]{section.98}{\376\377\0004\000.\0001\000\040\000D\000e\000s\000c\000o\000m\000p\000o\000s\000i\000c\000i\000\363\000n\000\040\000d\000e\000\040\000d\000a\000t\000o\000s\000\040\000p\000o\000r\000\040\000D\000W\000T}{chapter.95}% 18
\BOOKMARK [1][-]{section.112}{\376\377\0004\000.\0002\000\040\000M\000o\000d\000e\000l\000o\000\040\000N\000A\000R\000N\000N}{chapter.95}% 19
\BOOKMARK [1][-]{section.117}{\376\377\0004\000.\0003\000\040\000M\000o\000d\000e\000l\000o\000\040\000L\000S\000T\000M\000n\000n}{chapter.95}% 20
\BOOKMARK [1][-]{section.121}{\376\377\0004\000.\0004\000\040\000M\000o\000d\000e\000l\000o\000\040\000G\000R\000U\000n\000n}{chapter.95}% 21
\BOOKMARK [0][-]{chapter.124}{\376\377\0005\000\040\000P\000r\000o\000c\000e\000s\000o\000\040\000d\000e\000\040\000E\000n\000t\000r\000e\000n\000a\000m\000i\000e\000n\000t\000o}{}% 22
\BOOKMARK [1][-]{section.127}{\376\377\0005\000.\0001\000\040\000E\000n\000t\000r\000e\000n\000a\000m\000i\000e\000n\000t\000o\000\040\000p\000o\000r\000\040\000r\000e\000f\000o\000r\000z\000a\000m\000i\000e\000n\000t\000o\000\040\000d\000e\000l\000\040\000p\000r\000o\000f\000e\000s\000o\000r}{chapter.124}% 23
\BOOKMARK [2][-]{subsection.130}{\376\377\0005\000.\0001\000.\0001\000\040\000N\000A\000R\000N\000N}{section.127}% 24
\BOOKMARK [2][-]{subsection.136}{\376\377\0005\000.\0001\000.\0002\000\040\000D\000W\000T\000-\000N\000A\000R\000N\000N}{section.127}% 25
\BOOKMARK [2][-]{subsection.145}{\376\377\0005\000.\0001\000.\0003\000\040\000L\000S\000T\000M\000n\000n}{section.127}% 26
\BOOKMARK [2][-]{subsection.148}{\376\377\0005\000.\0001\000.\0004\000\040\000D\000W\000T\000-\000L\000S\000T\000M\000n\000n}{section.127}% 27
\BOOKMARK [2][-]{subsection.157}{\376\377\0005\000.\0001\000.\0005\000\040\000G\000R\000U\000n\000n}{section.127}% 28
\BOOKMARK [2][-]{subsection.160}{\376\377\0005\000.\0001\000.\0006\000\040\000D\000W\000T\000-\000G\000R\000U\000n\000n}{section.127}% 29
\BOOKMARK [1][-]{section.167}{\376\377\0005\000.\0002\000\040\000E\000n\000t\000r\000e\000n\000a\000m\000i\000e\000n\000t\000o\000\040\000A\000u\000t\000o\000-\000p\000r\000e\000d\000i\000c\000t\000i\000v\000o}{chapter.124}% 30
\BOOKMARK [2][-]{subsection.170}{\376\377\0005\000.\0002\000.\0001\000\040\000N\000A\000R\000N\000N}{section.167}% 31
\BOOKMARK [2][-]{subsection.191}{\376\377\0005\000.\0002\000.\0002\000\040\000D\000W\000T\000-\000N\000A\000R\000N\000N}{section.167}% 32
\BOOKMARK [2][-]{subsection.200}{\376\377\0005\000.\0002\000.\0003\000\040\000L\000S\000T\000M\000n\000n}{section.167}% 33
\BOOKMARK [2][-]{subsection.207}{\376\377\0005\000.\0002\000.\0004\000\040\000D\000W\000T\000-\000L\000S\000T\000M\000n\000n}{section.167}% 34
\BOOKMARK [2][-]{subsection.216}{\376\377\0005\000.\0002\000.\0005\000\040\000G\000R\000U\000n\000n}{section.167}% 35
\BOOKMARK [2][-]{subsection.219}{\376\377\0005\000.\0002\000.\0006\000\040\000D\000W\000T\000-\000G\000R\000U\000n\000n}{section.167}% 36
\BOOKMARK [0][-]{chapter.226}{\376\377\0006\000\040\000E\000v\000a\000l\000u\000a\000c\000i\000\363\000n\000\040\000d\000e\000\040\000d\000e\000s\000e\000m\000p\000e\000\361\000o}{}% 37
\BOOKMARK [1][-]{section.227}{\376\377\0006\000.\0001\000\040\000P\000r\000e\000d\000i\000c\000c\000i\000\363\000n\000\040\000E\000s\000t\000\341\000n\000d\000a\000r}{chapter.226}% 38
\BOOKMARK [1][-]{section.228}{\376\377\0006\000.\0002\000\040\000P\000r\000e\000d\000i\000c\000c\000i\000\363\000n\000\040\000A\000u\000t\000o\000-\000r\000e\000g\000r\000e\000s\000i\000v\000a}{chapter.226}% 39
\BOOKMARK [1][-]{section.229}{\376\377\0006\000.\0003\000\040\000P\000r\000e\000d\000i\000c\000c\000i\000\363\000n\000\040\000A\000u\000t\000o\000-\000p\000r\000e\000d\000i\000c\000t\000i\000v\000a\000\040\000c\000o\000n\000\040\000C\000o\000r\000r\000e\000c\000c\000i\000\363\000n}{chapter.226}% 40
\BOOKMARK [2][-]{subsection.242}{\376\377\0006\000.\0003\000.\0001\000\040\000P\000r\000u\000e\000b\000a\000\040\000d\000e\000\040\000K\000o\000l\000m\000o\000g\000o\000r\000o\000v\000-\000S\000m\000i\000r\000n\000o\000v}{section.229}% 41
\BOOKMARK [2][-]{subsection.255}{\376\377\0006\000.\0003\000.\0002\000\040\000R\000e\000s\000u\000l\000t\000a\000d\000o\000s\000\040\000f\000i\000n\000a\000l\000e\000s}{section.229}% 42
\BOOKMARK [0][-]{chapter.262}{\376\377\0007\000\040\000C\000o\000n\000c\000l\000u\000s\000i\000o\000n\000e\000s}{}% 43
\BOOKMARK [1][-]{subsection.263}{\376\377\0007\000.\0000\000.\0001\000\040\000I\000n\000v\000e\000s\000t\000i\000g\000a\000c\000i\000\363\000n\000\040\000a\000\040\000F\000u\000t\000u\000r\000o}{chapter.262}% 44
\BOOKMARK [2][-]{subsection.264}{\376\377\0007\000.\0000\000.\0002\000\040\000P\000r\000o\000y\000e\000c\000t\000o\000\040\000a\000\040\000F\000u\000t\000u\000r\000o}{subsection.263}% 45
\BOOKMARK [0][-]{appendix.272}{\376\377\000A\000\040\000D\000e\000s\000a\000r\000r\000o\000l\000l\000o\000\040\000d\000e\000l\000\040\000g\000r\000a\000d\000i\000e\000n\000t\000e\000\040\000o\000t\000\040\000y\000\040\000a\000o}{}% 46
\BOOKMARK [0][-]{appendix.273}{\376\377\000B\000\040\000I\000m\000p\000l\000e\000m\000e\000n\000t\000a\000c\000i\000\363\000n\000\040\000d\000e\000\040\000a\000l\000g\000o\000r\000i\000t\000m\000o\000s}{}% 47
\BOOKMARK [1][-]{section.274}{\376\377\000B\000.\0001\000\040\000D\000W\000T\000\040\000m\000u\000l\000t\000i\000n\000i\000v\000e\000l}{appendix.273}% 48
\BOOKMARK [1][-]{section.305}{\376\377\000B\000.\0002\000\040\000I\000m\000p\000l\000e\000m\000e\000n\000t\000a\000c\000i\000\363\000n\000\040\000N\000A\000R\000N\000N}{appendix.273}% 49
\BOOKMARK [1][-]{section.337}{\376\377\000B\000.\0003\000\040\000I\000m\000p\000l\000e\000m\000e\000n\000t\000a\000c\000i\000\363\000n\000\040\000L\000S\000T\000M\000n\000n}{appendix.273}% 50
\BOOKMARK [1][-]{section.379}{\376\377\000B\000.\0004\000\040\000I\000m\000p\000l\000e\000m\000e\000n\000t\000a\000c\000i\000\363\000n\000\040\000G\000R\000U\000n\000n}{appendix.273}% 51
\BOOKMARK [1][-]{section.421}{\376\377\000B\000.\0005\000\040\000A\000l\000g\000o\000r\000i\000t\000m\000o\000\040\000L\000e\000v\000e\000n\000b\000e\000r\000g\000-\000M\000a\000r\000q\000u\000a\000r\000d\000t}{appendix.273}% 52
\BOOKMARK [0][-]{appendix.448}{\376\377\000C\000\040\000E\000s\000p\000e\000c\000i\000f\000i\000c\000a\000c\000i\000o\000n\000e\000s\000\040\000d\000e\000\040\000s\000o\000f\000t\000w\000a\000r\000e}{}% 53
\BOOKMARK [0][-]{dummy.453}{\376\377\000B\000i\000b\000l\000i\000o\000g\000r\000a\000f\000\355\000a}{}% 54
